<?xml version="1.0" encoding="UTF-8"?>
<testng-results total="9" passed="0" failed="0" skipped="9">
  <reporter-output>
  </reporter-output>
  <suite started-at="2022-04-30T18:12:44Z" name="Orange HRM Test " finished-at="2022-04-30T18:12:46Z" duration-ms="2215">
    <groups>
    </groups>
    <test started-at="2022-04-30T18:12:44Z" name="PIM Page Test " finished-at="2022-04-30T18:12:46Z" duration-ms="2215">
      <class name="com.TestLayer.PIMPageTest">
        <test-method is-config="true" signature="setUp()[pri:0, instance:com.TestLayer.PIMPageTest@6bc407fd]" started-at="2022-04-30T23:42:46Z" name="setUp" finished-at="2022-04-30T23:42:46Z" duration-ms="0" status="FAIL">
          <exception class="java.lang.NullPointerException">
            <message>
              <![CDATA[Cannot invoke "String.equals(Object)" because "browsername" is null]]>
            </message>
            <full-stacktrace>
              <![CDATA[java.lang.NullPointerException: Cannot invoke "String.equals(Object)" because "browsername" is null
	at com.BaseLayer.BaseClass.inilitization(BaseClass.java:34)
	at com.TestLayer.PIMPageTest.setUp(PIMPageTest.java:18)
	at java.base/jdk.internal.reflect.NativeMethodAccessorImpl.invoke0(Native Method)
	at java.base/jdk.internal.reflect.NativeMethodAccessorImpl.invoke(NativeMethodAccessorImpl.java:77)
	at java.base/jdk.internal.reflect.DelegatingMethodAccessorImpl.invoke(DelegatingMethodAccessorImpl.java:43)
	at java.base/java.lang.reflect.Method.invoke(Method.java:568)
	at org.testng.internal.MethodInvocationHelper.invokeMethod(MethodInvocationHelper.java:84)
	at org.testng.internal.Invoker.invokeConfigurationMethod(Invoker.java:564)
	at org.testng.internal.Invoker.invokeConfigurations(Invoker.java:213)
	at org.testng.internal.Invoker.invokeConfigurations(Invoker.java:138)
	at org.testng.internal.TestMethodWorker.invokeBeforeClassMethods(TestMethodWorker.java:175)
	at org.testng.internal.TestMethodWorker.run(TestMethodWorker.java:107)
	at org.testng.TestRunner.privateRun(TestRunner.java:767)
	at org.testng.TestRunner.run(TestRunner.java:617)
	at org.testng.SuiteRunner.runTest(SuiteRunner.java:334)
	at org.testng.SuiteRunner.runSequentially(SuiteRunner.java:329)
	at org.testng.SuiteRunner.privateRun(SuiteRunner.java:291)
	at org.testng.SuiteRunner.run(SuiteRunner.java:240)
	at org.testng.SuiteRunnerWorker.runSuite(SuiteRunnerWorker.java:52)
	at org.testng.SuiteRunnerWorker.run(SuiteRunnerWorker.java:86)
	at org.testng.TestNG.runSuitesSequentially(TestNG.java:1224)
	at org.testng.TestNG.runSuitesLocally(TestNG.java:1149)
	at org.testng.TestNG.run(TestNG.java:1057)
	at org.testng.remote.AbstractRemoteTestNG.run(AbstractRemoteTestNG.java:115)
	at org.testng.remote.RemoteTestNG.initAndRun(RemoteTestNG.java:251)
	at org.testng.remote.RemoteTestNG.main(RemoteTestNG.java:77)
]]>
            </full-stacktrace>
          </exception> <!-- java.lang.NullPointerException -->
          <reporter-output>
          </reporter-output>
        </test-method> <!-- setUp -->
        <test-method signature="loginFunctionality()[pri:0, instance:com.TestLayer.PIMPageTest@6bc407fd]" started-at="2022-04-30T23:42:46Z" name="loginFunctionality" finished-at="2022-04-30T23:42:46Z" duration-ms="36" status="SKIP">
          <reporter-output>
          </reporter-output>
        </test-method> <!-- loginFunctionality -->
        <test-method signature="validateHomePageTitle()[pri:0, instance:com.TestLayer.PIMPageTest@6bc407fd]" started-at="2022-04-30T23:42:46Z" name="validateHomePageTitle" finished-at="2022-04-30T23:42:46Z" duration-ms="6" status="SKIP">
          <reporter-output>
          </reporter-output>
        </test-method> <!-- validateHomePageTitle -->
        <test-method signature="validateHomePageUrl()[pri:0, instance:com.TestLayer.PIMPageTest@6bc407fd]" started-at="2022-04-30T23:42:46Z" name="validateHomePageUrl" finished-at="2022-04-30T23:42:46Z" duration-ms="12" status="SKIP">
          <reporter-output>
          </reporter-output>
        </test-method> <!-- validateHomePageUrl -->
        <test-method signature="validateHomePagelogo()[pri:0, instance:com.TestLayer.PIMPageTest@6bc407fd]" started-at="2022-04-30T23:42:46Z" name="validateHomePagelogo" finished-at="2022-04-30T23:42:46Z" duration-ms="4" status="SKIP">
          <reporter-output>
          </reporter-output>
        </test-method> <!-- validateHomePagelogo -->
        <test-method signature="validateHomePagePIMPage()[pri:0, instance:com.TestLayer.PIMPageTest@6bc407fd]" started-at="2022-04-30T23:42:46Z" name="validateHomePagePIMPage" finished-at="2022-04-30T23:42:46Z" duration-ms="4" status="SKIP">
          <reporter-output>
          </reporter-output>
        </test-method> <!-- validateHomePagePIMPage -->
        <test-method signature="validateCreateNewUserFunctionality()[pri:0, instance:com.TestLayer.PIMPageTest@6bc407fd]" started-at="2022-04-30T23:42:46Z" name="validateCreateNewUserFunctionality" finished-at="2022-04-30T23:42:46Z" duration-ms="11" status="SKIP">
          <reporter-output>
          </reporter-output>
        </test-method> <!-- validateCreateNewUserFunctionality -->
        <test-method signature="validateMorePersonalInformation()[pri:0, instance:com.TestLayer.PIMPageTest@6bc407fd]" started-at="2022-04-30T23:42:46Z" name="validateMorePersonalInformation" finished-at="2022-04-30T23:42:46Z" duration-ms="4" status="SKIP">
          <reporter-output>
          </reporter-output>
        </test-method> <!-- validateMorePersonalInformation -->
        <test-method signature="validateJobDetailFunctionality()[pri:0, instance:com.TestLayer.PIMPageTest@6bc407fd]" started-at="2022-04-30T23:42:46Z" name="validateJobDetailFunctionality" finished-at="2022-04-30T23:42:46Z" duration-ms="6" status="SKIP">
          <reporter-output>
          </reporter-output>
        </test-method> <!-- validateJobDetailFunctionality -->
        <test-method signature="validateUserandDelete()[pri:0, instance:com.TestLayer.PIMPageTest@6bc407fd]" started-at="2022-04-30T23:42:46Z" name="validateUserandDelete" finished-at="2022-04-30T23:42:46Z" duration-ms="4" status="SKIP">
          <reporter-output>
          </reporter-output>
        </test-method> <!-- validateUserandDelete -->
        <test-method is-config="true" signature="tearDown()[pri:0, instance:com.TestLayer.PIMPageTest@6bc407fd]" started-at="2022-04-30T23:42:46Z" name="tearDown" finished-at="2022-04-30T23:42:46Z" duration-ms="0" status="SKIP">
          <reporter-output>
          </reporter-output>
        </test-method> <!-- tearDown -->
      </class> <!-- com.TestLayer.PIMPageTest -->
    </test> <!-- PIM Page Test  -->
  </suite> <!-- Orange HRM Test  -->
</testng-results>
